<?xml version="1.0" encoding="UTF-8" standalone="no"?>
<!DOCTYPE log SYSTEM "logger.dtd">
<log>
<record>
  <date>2018-09-10T16:21:29.728-0300</date>
  <logger>EDUARDO HENRIQUE PONTES SILVA</logger>
  <level>FINE</level>
  <message>File 117210360-EDUARDO HENRIQUE PONTES SILVA.zip was received. It was sent by EDUARDO HENRIQUE PONTES SILVA from IP 150.165.42.213</message>
</record>
</log>
<?xml version="1.0" encoding="UTF-8" standalone="no"?>
<!DOCTYPE log SYSTEM "logger.dtd">
<log>
<record>
  <date>2018-09-10T17:54:22.873-0300</date>
  <logger>EDUARDO HENRIQUE PONTES SILVA</logger>
  <level>FINE</level>
  <message>File 117210360-EDUARDO HENRIQUE PONTES SILVA.zip was received. It was sent by EDUARDO HENRIQUE PONTES SILVA from IP 150.165.42.214</message>
</record>
</log>
<?xml version="1.0" encoding="UTF-8" standalone="no"?>
<!DOCTYPE log SYSTEM "logger.dtd">
<log>
<record>
  <date>2018-09-10T22:40:08.164-0300</date>
  <logger>EDUARDO HENRIQUE PONTES SILVA</logger>
  <level>FINE</level>
  <message>File 117210360-EDUARDO HENRIQUE PONTES SILVA.zip was received. It was sent by EDUARDO HENRIQUE PONTES SILVA from IP 192.168.15.19</message>
</record>
</log>
<?xml version="1.0" encoding="UTF-8" standalone="no"?>
<!DOCTYPE log SYSTEM "logger.dtd">
<log>
<record>
  <date>2018-09-10T23:12:51.442-0300</date>
  <logger>EDUARDO HENRIQUE PONTES SILVA</logger>
  <level>FINE</level>
  <message>File 117210360-EDUARDO HENRIQUE PONTES SILVA.zip was received. It was sent by EDUARDO HENRIQUE PONTES SILVA from IP 192.168.0.109</message>
</record>
</log>
<?xml version="1.0" encoding="UTF-8" standalone="no"?>
<!DOCTYPE log SYSTEM "logger.dtd">
<log>
<record>
  <date>2018-09-10T23:14:29.214-0300</date>
  <logger>EDUARDO HENRIQUE PONTES SILVA</logger>
  <level>FINE</level>
  <message>File 117210360-EDUARDO HENRIQUE PONTES SILVA.zip was received. It was sent by EDUARDO HENRIQUE PONTES SILVA from IP 192.168.0.109</message>
</record>
</log>
<?xml version="1.0" encoding="UTF-8" standalone="no"?>
<!DOCTYPE log SYSTEM "logger.dtd">
<log>
<record>
  <date>2018-09-10T23:15:26.794-0300</date>
  <logger>EDUARDO HENRIQUE PONTES SILVA</logger>
  <level>FINE</level>
  <message>File 117210360-EDUARDO HENRIQUE PONTES SILVA.zip was received. It was sent by EDUARDO HENRIQUE PONTES SILVA from IP 192.168.0.109</message>
</record>
</log>
<?xml version="1.0" encoding="UTF-8" standalone="no"?>
<!DOCTYPE log SYSTEM "logger.dtd">
<log>
<record>
  <date>2018-09-10T23:17:37.196-0300</date>
  <logger>EDUARDO HENRIQUE PONTES SILVA</logger>
  <level>FINE</level>
  <message>File 117210360-EDUARDO HENRIQUE PONTES SILVA.zip was received. It was sent by EDUARDO HENRIQUE PONTES SILVA from IP 192.168.0.109</message>
</record>
</log>
<?xml version="1.0" encoding="UTF-8" standalone="no"?>
<!DOCTYPE log SYSTEM "logger.dtd">
<log>
<record>
  <date>2018-09-10T23:19:00.995-0300</date>
  <logger>EDUARDO HENRIQUE PONTES SILVA</logger>
  <level>FINE</level>
  <message>File 117210360-EDUARDO HENRIQUE PONTES SILVA.zip was received. It was sent by EDUARDO HENRIQUE PONTES SILVA from IP 192.168.0.109</message>
</record>
</log>
<?xml version="1.0" encoding="UTF-8" standalone="no"?>
<!DOCTYPE log SYSTEM "logger.dtd">
<log>
<record>
  <date>2018-09-10T23:20:38.403-0300</date>
  <logger>EDUARDO HENRIQUE PONTES SILVA</logger>
  <level>FINE</level>
  <message>File 117210360-EDUARDO HENRIQUE PONTES SILVA.zip was received. It was sent by EDUARDO HENRIQUE PONTES SILVA from IP 192.168.0.109</message>
</record>
</log>
<?xml version="1.0" encoding="UTF-8" standalone="no"?>
<!DOCTYPE log SYSTEM "logger.dtd">
<log>
<record>
  <date>2018-09-10T23:21:45.011-0300</date>
  <logger>EDUARDO HENRIQUE PONTES SILVA</logger>
  <level>FINE</level>
  <message>File 117210360-EDUARDO HENRIQUE PONTES SILVA.zip was received. It was sent by EDUARDO HENRIQUE PONTES SILVA from IP 192.168.0.109</message>
</record>
</log>
<?xml version="1.0" encoding="UTF-8" standalone="no"?>
<!DOCTYPE log SYSTEM "logger.dtd">
<log>
<record>
  <date>2018-09-10T23:23:08.488-0300</date>
  <logger>EDUARDO HENRIQUE PONTES SILVA</logger>
  <level>FINE</level>
  <message>File 117210360-EDUARDO HENRIQUE PONTES SILVA.zip was received. It was sent by EDUARDO HENRIQUE PONTES SILVA from IP 192.168.0.109</message>
</record>
</log>
<?xml version="1.0" encoding="UTF-8" standalone="no"?>
<!DOCTYPE log SYSTEM "logger.dtd">
<log>
<record>
  <date>2018-09-10T23:24:46.996-0300</date>
  <logger>EDUARDO HENRIQUE PONTES SILVA</logger>
  <level>FINE</level>
  <message>File 117210360-EDUARDO HENRIQUE PONTES SILVA.zip was received. It was sent by EDUARDO HENRIQUE PONTES SILVA from IP 192.168.0.109</message>
</record>
</log>
<?xml version="1.0" encoding="UTF-8" standalone="no"?>
<!DOCTYPE log SYSTEM "logger.dtd">
<log>
<record>
  <date>2018-09-10T23:25:45.984-0300</date>
  <logger>EDUARDO HENRIQUE PONTES SILVA</logger>
  <level>FINE</level>
  <message>File 117210360-EDUARDO HENRIQUE PONTES SILVA.zip was received. It was sent by EDUARDO HENRIQUE PONTES SILVA from IP 192.168.0.109</message>
</record>
</log>
<?xml version="1.0" encoding="UTF-8" standalone="no"?>
<!DOCTYPE log SYSTEM "logger.dtd">
<log>
<record>
  <date>2018-09-11T01:26:18.737-0300</date>
  <logger>EDUARDO HENRIQUE PONTES SILVA</logger>
  <level>FINE</level>
  <message>File 117210360-EDUARDO HENRIQUE PONTES SILVA.zip was received. It was sent by EDUARDO HENRIQUE PONTES SILVA from IP 192.168.43.157</message>
</record>
</log>
<?xml version="1.0" encoding="UTF-8" standalone="no"?>
<!DOCTYPE log SYSTEM "logger.dtd">
<log>
<record>
  <date>2018-09-11T01:27:57.581-0300</date>
  <logger>EDUARDO HENRIQUE PONTES SILVA</logger>
  <level>FINE</level>
  <message>File 117210360-EDUARDO HENRIQUE PONTES SILVA.zip was received. It was sent by EDUARDO HENRIQUE PONTES SILVA from IP 192.168.43.157</message>
</record>
</log>
<?xml version="1.0" encoding="UTF-8" standalone="no"?>
<!DOCTYPE log SYSTEM "logger.dtd">
<log>
<record>
  <date>2018-09-11T01:33:09.802-0300</date>
  <logger>EDUARDO HENRIQUE PONTES SILVA</logger>
  <level>FINE</level>
  <message>File 117210360-EDUARDO HENRIQUE PONTES SILVA.zip was received. It was sent by EDUARDO HENRIQUE PONTES SILVA from IP 192.168.43.157</message>
</record>
