<?xml version="1.0" encoding="UTF-8" standalone="no"?>
<!DOCTYPE log SYSTEM "logger.dtd">
<log>
<record>
  <date>2018-09-13T14:10:41.751-0300</date>
  <logger>EDUARDO HENRIQUE PONTES SILVA</logger>
  <level>FINE</level>
  <message>File 117210360-EDUARDO HENRIQUE PONTES SILVA.zip was received. It was sent by EDUARDO HENRIQUE PONTES SILVA from IP 150.165.42.214</message>
</record>
</log>
<?xml version="1.0" encoding="UTF-8" standalone="no"?>
<!DOCTYPE log SYSTEM "logger.dtd">
<log>
<record>
  <date>2018-09-13T15:24:03.014-0300</date>
  <logger>EDUARDO HENRIQUE PONTES SILVA</logger>
  <level>FINE</level>
  <message>File 117210360-EDUARDO HENRIQUE PONTES SILVA.zip was received. It was sent by EDUARDO HENRIQUE PONTES SILVA from IP 150.165.42.214</message>
</record>
</log>
<?xml version="1.0" encoding="UTF-8" standalone="no"?>
<!DOCTYPE log SYSTEM "logger.dtd">
<log>
<record>
  <date>2018-09-13T15:43:37.776-0300</date>
  <logger>EDUARDO HENRIQUE PONTES SILVA</logger>
  <level>FINE</level>
  <message>File 117210360-EDUARDO HENRIQUE PONTES SILVA.zip was received. It was sent by EDUARDO HENRIQUE PONTES SILVA from IP 150.165.42.214</message>
</record>
