<?xml version="1.0" encoding="UTF-8" standalone="no"?>
<!DOCTYPE log SYSTEM "logger.dtd">
<log>
<record>
  <date>2018-10-29T16:14:22.076-0300</date>
  <logger>EDUARDO HENRIQUE PONTES SILVA</logger>
  <level>FINE</level>
  <message>File 117210360-EDUARDO HENRIQUE PONTES SILVA.zip was received. It was sent by EDUARDO HENRIQUE PONTES SILVA from IP 150.165.42.169</message>
</record>
</log>
<?xml version="1.0" encoding="UTF-8" standalone="no"?>
<!DOCTYPE log SYSTEM "logger.dtd">
<log>
<record>
  <date>2018-10-31T07:19:44.478-0300</date>
  <logger>EDUARDO HENRIQUE PONTES SILVA</logger>
  <level>FINE</level>
  <message>File 117210360-EDUARDO HENRIQUE PONTES SILVA.zip was received. It was sent by EDUARDO HENRIQUE PONTES SILVA from IP 192.168.1.10</message>
</record>
</log>
<?xml version="1.0" encoding="UTF-8" standalone="no"?>
<!DOCTYPE log SYSTEM "logger.dtd">
<log>
<record>
  <date>2018-11-01T00:30:50.565-0300</date>
  <logger>EDUARDO HENRIQUE PONTES SILVA</logger>
  <level>FINE</level>
  <message>File 117210360-EDUARDO HENRIQUE PONTES SILVA.zip was received. It was sent by EDUARDO HENRIQUE PONTES SILVA from IP 192.168.0.107</message>
</record>
