<?xml version="1.0" encoding="UTF-8" standalone="no"?>
<!DOCTYPE log SYSTEM "logger.dtd">
<log>
<record>
  <date>2018-10-01T16:06:08.998-0300</date>
  <logger>EDUARDO HENRIQUE PONTES SILVA</logger>
  <level>FINE</level>
  <message>File 117210360-EDUARDO HENRIQUE PONTES SILVA.zip was received. It was sent by EDUARDO HENRIQUE PONTES SILVA from IP 192.168.1.11</message>
</record>
</log>
<?xml version="1.0" encoding="UTF-8" standalone="no"?>
<!DOCTYPE log SYSTEM "logger.dtd">
<log>
<record>
  <date>2018-10-02T00:30:19.209-0300</date>
  <logger>EDUARDO HENRIQUE PONTES SILVA</logger>
  <level>FINE</level>
  <message>File 117210360-EDUARDO HENRIQUE PONTES SILVA.zip was received. It was sent by EDUARDO HENRIQUE PONTES SILVA from IP 192.168.1.12</message>
</record>
</log>
<?xml version="1.0" encoding="UTF-8" standalone="no"?>
<!DOCTYPE log SYSTEM "logger.dtd">
<log>
<record>
  <date>2018-10-02T01:07:57.822-0300</date>
  <logger>EDUARDO HENRIQUE PONTES SILVA</logger>
  <level>FINE</level>
  <message>File 117210360-EDUARDO HENRIQUE PONTES SILVA.zip was received. It was sent by EDUARDO HENRIQUE PONTES SILVA from IP 192.168.1.12</message>
</record>
</log>
<?xml version="1.0" encoding="UTF-8" standalone="no"?>
<!DOCTYPE log SYSTEM "logger.dtd">
<log>
<record>
  <date>2018-10-02T01:54:10.834-0300</date>
  <logger>EDUARDO HENRIQUE PONTES SILVA</logger>
  <level>FINE</level>
  <message>File 117210360-EDUARDO HENRIQUE PONTES SILVA.zip was received. It was sent by EDUARDO HENRIQUE PONTES SILVA from IP 192.168.1.12</message>
</record>
