<?xml version="1.0" encoding="UTF-8" standalone="no"?>
<!DOCTYPE log SYSTEM "logger.dtd">
<log>
<record>
  <date>2018-10-18T15:39:14.809-0300</date>
  <logger>EDUARDO HENRIQUE PONTES SILVA</logger>
  <level>FINE</level>
  <message>File 117210360-EDUARDO HENRIQUE PONTES SILVA.zip was received. It was sent by EDUARDO HENRIQUE PONTES SILVA from IP 192.168.1.15</message>
</record>
</log>
<?xml version="1.0" encoding="UTF-8" standalone="no"?>
<!DOCTYPE log SYSTEM "logger.dtd">
<log>
<record>
  <date>2018-10-18T18:24:56.014-0300</date>
  <logger>EDUARDO HENRIQUE PONTES SILVA</logger>
  <level>FINE</level>
  <message>File 117210360-EDUARDO HENRIQUE PONTES SILVA.zip was received. It was sent by EDUARDO HENRIQUE PONTES SILVA from IP 192.168.1.15</message>
</record>
</log>
<?xml version="1.0" encoding="UTF-8" standalone="no"?>
<!DOCTYPE log SYSTEM "logger.dtd">
<log>
<record>
  <date>2018-10-18T18:28:05.996-0300</date>
  <logger>EDUARDO HENRIQUE PONTES SILVA</logger>
  <level>FINE</level>
  <message>File 117210360-EDUARDO HENRIQUE PONTES SILVA.zip was received. It was sent by EDUARDO HENRIQUE PONTES SILVA from IP 192.168.1.15</message>
</record>
